2021-05-18 00:13:55.7596|INFO|Microsoft.Hosting.Lifetime|Application started. Press Ctrl+C to shut down.
2021-05-18 00:13:55.7947|INFO|Microsoft.Hosting.Lifetime|Hosting environment: Development
2021-05-18 00:13:55.8020|INFO|Microsoft.Hosting.Lifetime|Content root path: C:\Users\matta\Source\Repos\Zinger\Zinger\Zinger
2021-05-18 00:24:12.7524|INFO|Microsoft.Hosting.Lifetime|Application started. Press Ctrl+C to shut down.
2021-05-18 00:24:12.7908|INFO|Microsoft.Hosting.Lifetime|Hosting environment: Development
2021-05-18 00:24:12.7908|INFO|Microsoft.Hosting.Lifetime|Content root path: C:\Users\matta\Source\Repos\Zinger\Zinger\Zinger
2021-05-18 00:27:59.1955|INFO|Microsoft.Hosting.Lifetime|Application started. Press Ctrl+C to shut down.
2021-05-18 00:27:59.2319|INFO|Microsoft.Hosting.Lifetime|Hosting environment: Development
2021-05-18 00:27:59.2319|INFO|Microsoft.Hosting.Lifetime|Content root path: C:\Users\matta\Source\Repos\Zinger\Zinger\Zinger
2021-05-18 00:30:02.6518|INFO|Microsoft.Hosting.Lifetime|Application started. Press Ctrl+C to shut down.
2021-05-18 00:30:02.6864|INFO|Microsoft.Hosting.Lifetime|Hosting environment: Development
2021-05-18 00:30:02.6864|INFO|Microsoft.Hosting.Lifetime|Content root path: C:\Users\matta\Source\Repos\Zinger\Zinger\Zinger
2021-05-18 00:30:10.5530|ERROR|Microsoft.AspNetCore.Diagnostics.DeveloperExceptionPageMiddleware|An unhandled exception has occurred while executing the request.
2021-05-18 00:30:42.7927|INFO|Microsoft.Hosting.Lifetime|Application started. Press Ctrl+C to shut down.
2021-05-18 00:30:42.8269|INFO|Microsoft.Hosting.Lifetime|Hosting environment: Development
2021-05-18 00:30:42.8325|INFO|Microsoft.Hosting.Lifetime|Content root path: C:\Users\matta\Source\Repos\Zinger\Zinger\Zinger
2021-05-18 00:35:07.3774|INFO|Microsoft.Hosting.Lifetime|Application started. Press Ctrl+C to shut down.
2021-05-18 00:35:07.4153|INFO|Microsoft.Hosting.Lifetime|Hosting environment: Development
2021-05-18 00:35:07.4153|INFO|Microsoft.Hosting.Lifetime|Content root path: C:\Users\matta\Source\Repos\Zinger\Zinger\Zinger
2021-05-18 00:38:46.0270|INFO|Microsoft.Hosting.Lifetime|Application started. Press Ctrl+C to shut down.
2021-05-18 00:38:46.0626|INFO|Microsoft.Hosting.Lifetime|Hosting environment: Development
2021-05-18 00:38:46.0686|INFO|Microsoft.Hosting.Lifetime|Content root path: C:\Users\matta\Source\Repos\Zinger\Zinger\Zinger
2021-05-18 00:41:44.7447|INFO|Microsoft.Hosting.Lifetime|Application started. Press Ctrl+C to shut down.
2021-05-18 00:41:44.7839|INFO|Microsoft.Hosting.Lifetime|Hosting environment: Development
2021-05-18 00:41:44.7888|INFO|Microsoft.Hosting.Lifetime|Content root path: C:\Users\matta\Source\Repos\Zinger\Zinger\Zinger
2021-05-18 00:44:08.8722|INFO|Microsoft.Hosting.Lifetime|Application started. Press Ctrl+C to shut down.
2021-05-18 00:44:08.9091|INFO|Microsoft.Hosting.Lifetime|Hosting environment: Development
2021-05-18 00:44:08.9151|INFO|Microsoft.Hosting.Lifetime|Content root path: C:\Users\matta\Source\Repos\Zinger\Zinger\Zinger
2021-05-18 00:46:10.4867|INFO|Microsoft.Hosting.Lifetime|Application started. Press Ctrl+C to shut down.
2021-05-18 00:46:10.5296|INFO|Microsoft.Hosting.Lifetime|Hosting environment: Development
2021-05-18 00:46:10.5358|INFO|Microsoft.Hosting.Lifetime|Content root path: C:\Users\matta\Source\Repos\Zinger\Zinger\Zinger
2021-05-18 00:58:44.2220|INFO|Microsoft.Hosting.Lifetime|Application started. Press Ctrl+C to shut down.
2021-05-18 00:58:44.2574|INFO|Microsoft.Hosting.Lifetime|Hosting environment: Development
2021-05-18 00:58:44.2574|INFO|Microsoft.Hosting.Lifetime|Content root path: C:\Users\matta\Source\Repos\Zinger\Zinger\Zinger
2021-05-18 01:02:27.3831|INFO|Microsoft.Hosting.Lifetime|Application started. Press Ctrl+C to shut down.
2021-05-18 01:02:27.4179|INFO|Microsoft.Hosting.Lifetime|Hosting environment: Development
2021-05-18 01:02:27.4179|INFO|Microsoft.Hosting.Lifetime|Content root path: C:\Users\matta\Source\Repos\Zinger\Zinger\Zinger
2021-05-18 01:04:34.8414|INFO|Microsoft.Hosting.Lifetime|Application started. Press Ctrl+C to shut down.
2021-05-18 01:04:34.8818|INFO|Microsoft.Hosting.Lifetime|Hosting environment: Development
2021-05-18 01:04:34.8818|INFO|Microsoft.Hosting.Lifetime|Content root path: C:\Users\matta\Source\Repos\Zinger\Zinger\Zinger
2021-05-18 01:08:09.4839|INFO|Microsoft.Hosting.Lifetime|Application started. Press Ctrl+C to shut down.
2021-05-18 01:08:09.5217|INFO|Microsoft.Hosting.Lifetime|Hosting environment: Development
2021-05-18 01:08:09.5217|INFO|Microsoft.Hosting.Lifetime|Content root path: C:\Users\matta\Source\Repos\Zinger\Zinger\Zinger
2021-05-18 01:08:23.3211|INFO|Microsoft.Hosting.Lifetime|Application started. Press Ctrl+C to shut down.
2021-05-18 01:08:23.3568|INFO|Microsoft.Hosting.Lifetime|Hosting environment: Development
2021-05-18 01:08:23.3568|INFO|Microsoft.Hosting.Lifetime|Content root path: C:\Users\matta\Source\Repos\Zinger\Zinger\Zinger
2021-05-18 01:24:09.0815|INFO|Microsoft.Hosting.Lifetime|Application started. Press Ctrl+C to shut down.
2021-05-18 01:24:09.1172|INFO|Microsoft.Hosting.Lifetime|Hosting environment: Development
2021-05-18 01:24:09.1172|INFO|Microsoft.Hosting.Lifetime|Content root path: C:\Users\matta\Source\Repos\Zinger\Zinger\Zinger
2021-05-18 01:27:54.2977|INFO|Microsoft.Hosting.Lifetime|Application started. Press Ctrl+C to shut down.
2021-05-18 01:27:54.3328|INFO|Microsoft.Hosting.Lifetime|Hosting environment: Development
2021-05-18 01:27:54.3328|INFO|Microsoft.Hosting.Lifetime|Content root path: C:\Users\matta\Source\Repos\Zinger\Zinger\Zinger
2021-05-18 01:36:17.4587|INFO|Microsoft.Hosting.Lifetime|Application started. Press Ctrl+C to shut down.
2021-05-18 01:36:17.4980|INFO|Microsoft.Hosting.Lifetime|Hosting environment: Development
2021-05-18 01:36:17.5041|INFO|Microsoft.Hosting.Lifetime|Content root path: C:\Users\matta\Source\Repos\Zinger\Zinger\Zinger
2021-05-18 01:39:04.9050|INFO|Microsoft.Hosting.Lifetime|Application started. Press Ctrl+C to shut down.
2021-05-18 01:39:04.9460|INFO|Microsoft.Hosting.Lifetime|Hosting environment: Development
2021-05-18 01:39:04.9460|INFO|Microsoft.Hosting.Lifetime|Content root path: C:\Users\matta\Source\Repos\Zinger\Zinger\Zinger
2021-05-18 01:39:27.1926|ERROR|Microsoft.AspNetCore.Diagnostics.DeveloperExceptionPageMiddleware|An unhandled exception has occurred while executing the request.
2021-05-18 01:42:20.1464|INFO|Microsoft.Hosting.Lifetime|Application started. Press Ctrl+C to shut down.
2021-05-18 01:42:20.1836|INFO|Microsoft.Hosting.Lifetime|Hosting environment: Development
2021-05-18 01:42:20.1836|INFO|Microsoft.Hosting.Lifetime|Content root path: C:\Users\matta\Source\Repos\Zinger\Zinger\Zinger
2021-05-18 01:42:36.8982|ERROR|Microsoft.AspNetCore.Diagnostics.DeveloperExceptionPageMiddleware|An unhandled exception has occurred while executing the request.
2021-05-18 01:44:32.9742|INFO|Microsoft.Hosting.Lifetime|Application started. Press Ctrl+C to shut down.
2021-05-18 01:44:33.0115|INFO|Microsoft.Hosting.Lifetime|Hosting environment: Development
2021-05-18 01:44:33.0115|INFO|Microsoft.Hosting.Lifetime|Content root path: C:\Users\matta\Source\Repos\Zinger\Zinger\Zinger
2021-05-18 01:47:49.5256|INFO|Microsoft.Hosting.Lifetime|Application started. Press Ctrl+C to shut down.
2021-05-18 01:47:49.5600|INFO|Microsoft.Hosting.Lifetime|Hosting environment: Development
2021-05-18 01:47:49.5600|INFO|Microsoft.Hosting.Lifetime|Content root path: C:\Users\matta\Source\Repos\Zinger\Zinger\Zinger
2021-05-18 01:48:28.3764|ERROR|Microsoft.AspNetCore.Diagnostics.DeveloperExceptionPageMiddleware|An unhandled exception has occurred while executing the request.
2021-05-18 01:51:20.8807|INFO|Microsoft.Hosting.Lifetime|Application started. Press Ctrl+C to shut down.
2021-05-18 01:51:20.9152|INFO|Microsoft.Hosting.Lifetime|Hosting environment: Development
2021-05-18 01:51:20.9152|INFO|Microsoft.Hosting.Lifetime|Content root path: C:\Users\matta\Source\Repos\Zinger\Zinger\Zinger
2021-05-18 01:52:06.3668|ERROR|Microsoft.AspNetCore.Diagnostics.DeveloperExceptionPageMiddleware|An unhandled exception has occurred while executing the request.
2021-05-18 01:55:11.7538|INFO|Microsoft.Hosting.Lifetime|Application started. Press Ctrl+C to shut down.
2021-05-18 01:55:11.7875|INFO|Microsoft.Hosting.Lifetime|Hosting environment: Development
2021-05-18 01:55:11.7875|INFO|Microsoft.Hosting.Lifetime|Content root path: C:\Users\matta\Source\Repos\Zinger\Zinger\Zinger
2021-05-18 01:55:23.7061|ERROR|Microsoft.AspNetCore.Diagnostics.DeveloperExceptionPageMiddleware|An unhandled exception has occurred while executing the request.
2021-05-18 02:06:20.5141|INFO|Microsoft.Hosting.Lifetime|Application started. Press Ctrl+C to shut down.
2021-05-18 02:06:20.5478|INFO|Microsoft.Hosting.Lifetime|Hosting environment: Development
2021-05-18 02:06:20.5530|INFO|Microsoft.Hosting.Lifetime|Content root path: C:\Users\matta\Source\Repos\Zinger\Zinger\Zinger
2021-05-18 02:06:32.0401|ERROR|Microsoft.AspNetCore.Diagnostics.DeveloperExceptionPageMiddleware|An unhandled exception has occurred while executing the request.
2021-05-18 02:06:53.2245|INFO|Microsoft.Hosting.Lifetime|Application started. Press Ctrl+C to shut down.
2021-05-18 02:06:53.2636|INFO|Microsoft.Hosting.Lifetime|Hosting environment: Development
2021-05-18 02:06:53.2636|INFO|Microsoft.Hosting.Lifetime|Content root path: C:\Users\matta\Source\Repos\Zinger\Zinger\Zinger
2021-05-18 02:07:03.4016|ERROR|Microsoft.AspNetCore.Diagnostics.DeveloperExceptionPageMiddleware|An unhandled exception has occurred while executing the request.
2021-05-18 11:51:11.0739|INFO|Microsoft.Hosting.Lifetime|Application started. Press Ctrl+C to shut down.
2021-05-18 11:51:11.1342|INFO|Microsoft.Hosting.Lifetime|Hosting environment: Development
2021-05-18 11:51:11.1342|INFO|Microsoft.Hosting.Lifetime|Content root path: C:\Users\matta\Source\Repos\Zinger\Zinger\Zinger
2021-05-18 12:12:53.7538|INFO|Microsoft.Hosting.Lifetime|Application started. Press Ctrl+C to shut down.
2021-05-18 12:12:53.7912|INFO|Microsoft.Hosting.Lifetime|Hosting environment: Development
2021-05-18 12:12:53.7912|INFO|Microsoft.Hosting.Lifetime|Content root path: C:\Users\matta\Source\Repos\Zinger\Zinger\Zinger
2021-05-18 12:20:32.7201|INFO|Microsoft.Hosting.Lifetime|Application started. Press Ctrl+C to shut down.
2021-05-18 12:20:32.7565|INFO|Microsoft.Hosting.Lifetime|Hosting environment: Development
2021-05-18 12:20:32.7565|INFO|Microsoft.Hosting.Lifetime|Content root path: C:\Users\matta\Source\Repos\Zinger\Zinger\Zinger
2021-05-18 12:24:07.0326|INFO|Microsoft.Hosting.Lifetime|Application started. Press Ctrl+C to shut down.
2021-05-18 12:24:07.0698|INFO|Microsoft.Hosting.Lifetime|Hosting environment: Development
2021-05-18 12:24:07.0698|INFO|Microsoft.Hosting.Lifetime|Content root path: C:\Users\matta\Source\Repos\Zinger\Zinger\Zinger
2021-05-18 12:33:17.8721|INFO|Microsoft.Hosting.Lifetime|Application started. Press Ctrl+C to shut down.
2021-05-18 12:33:17.9066|INFO|Microsoft.Hosting.Lifetime|Hosting environment: Development
2021-05-18 12:33:17.9128|INFO|Microsoft.Hosting.Lifetime|Content root path: C:\Users\matta\Source\Repos\Zinger\Zinger\Zinger
2021-05-18 12:35:06.6192|INFO|Microsoft.Hosting.Lifetime|Application started. Press Ctrl+C to shut down.
2021-05-18 12:35:06.6546|INFO|Microsoft.Hosting.Lifetime|Hosting environment: Development
2021-05-18 12:35:06.6546|INFO|Microsoft.Hosting.Lifetime|Content root path: C:\Users\matta\Source\Repos\Zinger\Zinger\Zinger
2021-05-18 12:35:38.8426|INFO|Microsoft.Hosting.Lifetime|Application started. Press Ctrl+C to shut down.
2021-05-18 12:35:38.8898|INFO|Microsoft.Hosting.Lifetime|Hosting environment: Development
2021-05-18 12:35:38.8969|INFO|Microsoft.Hosting.Lifetime|Content root path: C:\Users\matta\Source\Repos\Zinger\Zinger\Zinger
2021-05-18 17:37:46.9826|INFO|Microsoft.Hosting.Lifetime|Application started. Press Ctrl+C to shut down.
2021-05-18 17:37:47.0173|INFO|Microsoft.Hosting.Lifetime|Hosting environment: Development
2021-05-18 17:37:47.0224|INFO|Microsoft.Hosting.Lifetime|Content root path: C:\Users\matta\Source\Repos\Zinger\Zinger\Zinger
2021-05-18 17:53:25.6551|INFO|Microsoft.Hosting.Lifetime|Application started. Press Ctrl+C to shut down.
2021-05-18 17:53:25.6907|INFO|Microsoft.Hosting.Lifetime|Hosting environment: Development
2021-05-18 17:53:25.6967|INFO|Microsoft.Hosting.Lifetime|Content root path: C:\Users\matta\Source\Repos\Zinger\Zinger\Zinger
2021-05-18 18:07:35.0533|WARN|Microsoft.AspNetCore.Identity.UserManager|Invalid password for user.
2021-05-18 18:07:35.0533|WARN|Microsoft.AspNetCore.Identity.SignInManager|User failed to provide the correct password.
2021-05-18 18:07:40.0234|WARN|Microsoft.AspNetCore.Identity.UserManager|Invalid password for user.
2021-05-18 18:07:40.0234|WARN|Microsoft.AspNetCore.Identity.SignInManager|User failed to provide the correct password.
2021-05-18 18:09:23.5484|INFO|Microsoft.Hosting.Lifetime|Application started. Press Ctrl+C to shut down.
2021-05-18 18:09:23.5820|INFO|Microsoft.Hosting.Lifetime|Hosting environment: Development
2021-05-18 18:09:23.5871|INFO|Microsoft.Hosting.Lifetime|Content root path: C:\Users\matta\Source\Repos\Zinger\Zinger\Zinger
2021-05-18 18:10:23.9935|INFO|Microsoft.Hosting.Lifetime|Application started. Press Ctrl+C to shut down.
2021-05-18 18:10:24.0374|INFO|Microsoft.Hosting.Lifetime|Hosting environment: Development
2021-05-18 18:10:24.0374|INFO|Microsoft.Hosting.Lifetime|Content root path: C:\Users\matta\Source\Repos\Zinger\Zinger\Zinger
2021-05-18 18:15:11.6504|INFO|Microsoft.Hosting.Lifetime|Application started. Press Ctrl+C to shut down.
2021-05-18 18:15:11.6847|INFO|Microsoft.Hosting.Lifetime|Hosting environment: Development
2021-05-18 18:15:11.6847|INFO|Microsoft.Hosting.Lifetime|Content root path: C:\Users\matta\Source\Repos\Zinger\Zinger\Zinger
2021-05-18 20:16:41.5124|INFO|Microsoft.Hosting.Lifetime|Application started. Press Ctrl+C to shut down.
2021-05-18 20:16:41.5461|INFO|Microsoft.Hosting.Lifetime|Hosting environment: Development
2021-05-18 20:16:41.5519|INFO|Microsoft.Hosting.Lifetime|Content root path: C:\Users\matta\Source\Repos\Zinger\Zinger\Zinger
2021-05-18 20:20:04.8513|INFO|Microsoft.Hosting.Lifetime|Application started. Press Ctrl+C to shut down.
2021-05-18 20:20:04.8857|INFO|Microsoft.Hosting.Lifetime|Hosting environment: Development
2021-05-18 20:20:04.8857|INFO|Microsoft.Hosting.Lifetime|Content root path: C:\Users\matta\Source\Repos\Zinger\Zinger\Zinger
2021-05-18 20:20:11.1596|ERROR|Microsoft.AspNetCore.Diagnostics.DeveloperExceptionPageMiddleware|An unhandled exception has occurred while executing the request.
2021-05-18 20:20:59.0642|INFO|Microsoft.Hosting.Lifetime|Application started. Press Ctrl+C to shut down.
2021-05-18 20:20:59.1012|INFO|Microsoft.Hosting.Lifetime|Hosting environment: Development
2021-05-18 20:20:59.1012|INFO|Microsoft.Hosting.Lifetime|Content root path: C:\Users\matta\Source\Repos\Zinger\Zinger\Zinger
2021-05-18 20:21:18.4809|ERROR|Microsoft.AspNetCore.Diagnostics.DeveloperExceptionPageMiddleware|An unhandled exception has occurred while executing the request.
2021-05-18 20:22:12.3223|INFO|Microsoft.Hosting.Lifetime|Application started. Press Ctrl+C to shut down.
2021-05-18 20:22:12.3583|INFO|Microsoft.Hosting.Lifetime|Hosting environment: Development
2021-05-18 20:22:12.3637|INFO|Microsoft.Hosting.Lifetime|Content root path: C:\Users\matta\Source\Repos\Zinger\Zinger\Zinger
2021-05-18 20:22:28.7453|ERROR|Microsoft.AspNetCore.Diagnostics.DeveloperExceptionPageMiddleware|An unhandled exception has occurred while executing the request.
2021-05-18 20:23:00.0782|INFO|Microsoft.Hosting.Lifetime|Application started. Press Ctrl+C to shut down.
2021-05-18 20:23:00.1150|INFO|Microsoft.Hosting.Lifetime|Hosting environment: Development
2021-05-18 20:23:00.1150|INFO|Microsoft.Hosting.Lifetime|Content root path: C:\Users\matta\Source\Repos\Zinger\Zinger\Zinger
2021-05-18 20:45:49.9936|INFO|Microsoft.Hosting.Lifetime|Application started. Press Ctrl+C to shut down.
2021-05-18 20:45:50.0290|INFO|Microsoft.Hosting.Lifetime|Hosting environment: Development
2021-05-18 20:45:50.0348|INFO|Microsoft.Hosting.Lifetime|Content root path: C:\Users\matta\Source\Repos\Zinger\Zinger\Zinger
2021-05-18 20:50:55.5391|INFO|Microsoft.Hosting.Lifetime|Application started. Press Ctrl+C to shut down.
2021-05-18 20:50:55.5771|INFO|Microsoft.Hosting.Lifetime|Hosting environment: Development
2021-05-18 20:50:55.5829|INFO|Microsoft.Hosting.Lifetime|Content root path: C:\Users\matta\Source\Repos\Zinger\Zinger\Zinger
2021-05-18 20:51:31.5739|ERROR|Microsoft.AspNetCore.Diagnostics.DeveloperExceptionPageMiddleware|An unhandled exception has occurred while executing the request.
2021-05-18 20:59:19.2924|INFO|Microsoft.Hosting.Lifetime|Application started. Press Ctrl+C to shut down.
2021-05-18 20:59:19.3336|INFO|Microsoft.Hosting.Lifetime|Hosting environment: Development
2021-05-18 20:59:19.3336|INFO|Microsoft.Hosting.Lifetime|Content root path: C:\Users\matta\Source\Repos\Zinger\Zinger\Zinger
2021-05-18 21:04:58.3749|INFO|Microsoft.Hosting.Lifetime|Application started. Press Ctrl+C to shut down.
2021-05-18 21:04:58.4094|INFO|Microsoft.Hosting.Lifetime|Hosting environment: Production
2021-05-18 21:04:58.4094|INFO|Microsoft.Hosting.Lifetime|Content root path: C:\Users\matta\Source\Repos\Zinger\Zinger\Zinger
2021-05-18 21:32:00.9894|INFO|Microsoft.Hosting.Lifetime|Application started. Press Ctrl+C to shut down.
2021-05-18 21:32:01.0238|INFO|Microsoft.Hosting.Lifetime|Hosting environment: Development
2021-05-18 21:32:01.0238|INFO|Microsoft.Hosting.Lifetime|Content root path: C:\Users\matta\Source\Repos\Zinger\Zinger\Zinger
2021-05-18 21:34:07.2705|INFO|Microsoft.Hosting.Lifetime|Application started. Press Ctrl+C to shut down.
2021-05-18 21:34:07.3088|INFO|Microsoft.Hosting.Lifetime|Hosting environment: Development
2021-05-18 21:34:07.3088|INFO|Microsoft.Hosting.Lifetime|Content root path: C:\Users\matta\Source\Repos\Zinger\Zinger\Zinger
2021-05-18 21:34:52.6383|INFO|Microsoft.Hosting.Lifetime|Application started. Press Ctrl+C to shut down.
2021-05-18 21:34:52.6721|INFO|Microsoft.Hosting.Lifetime|Hosting environment: Development
2021-05-18 21:34:52.6773|INFO|Microsoft.Hosting.Lifetime|Content root path: C:\Users\matta\Source\Repos\Zinger\Zinger\Zinger
2021-05-18 21:36:43.4869|INFO|Microsoft.Hosting.Lifetime|Application started. Press Ctrl+C to shut down.
2021-05-18 21:36:43.5254|INFO|Microsoft.Hosting.Lifetime|Hosting environment: Development
2021-05-18 21:36:43.5254|INFO|Microsoft.Hosting.Lifetime|Content root path: C:\Users\matta\Source\Repos\Zinger\Zinger\Zinger
2021-05-18 21:44:17.8234|INFO|Microsoft.Hosting.Lifetime|Application started. Press Ctrl+C to shut down.
2021-05-18 21:44:17.8756|INFO|Microsoft.Hosting.Lifetime|Hosting environment: Development
2021-05-18 21:44:17.8820|INFO|Microsoft.Hosting.Lifetime|Content root path: C:\Users\matta\Source\Repos\Zinger\Zinger\Zinger
2021-05-18 21:45:31.9953|INFO|Microsoft.Hosting.Lifetime|Application started. Press Ctrl+C to shut down.
2021-05-18 21:45:32.0301|INFO|Microsoft.Hosting.Lifetime|Hosting environment: Development
2021-05-18 21:45:32.0346|INFO|Microsoft.Hosting.Lifetime|Content root path: C:\Users\matta\Source\Repos\Zinger\Zinger\Zinger
2021-05-18 22:25:04.9096|INFO|Microsoft.Hosting.Lifetime|Application started. Press Ctrl+C to shut down.
2021-05-18 22:25:04.9937|INFO|Microsoft.Hosting.Lifetime|Hosting environment: Development
2021-05-18 22:25:05.0076|INFO|Microsoft.Hosting.Lifetime|Content root path: C:\Users\matta\Source\Repos\Zinger\Zinger\Zinger
2021-05-18 22:25:29.5359|INFO|Microsoft.Hosting.Lifetime|Application started. Press Ctrl+C to shut down.
2021-05-18 22:25:29.5797|INFO|Microsoft.Hosting.Lifetime|Hosting environment: Development
2021-05-18 22:25:29.5853|INFO|Microsoft.Hosting.Lifetime|Content root path: C:\Users\matta\Source\Repos\Zinger\Zinger\Zinger
2021-05-18 22:38:26.1922|ERROR|Microsoft.EntityFrameworkCore.Database.Command|Failed executing DbCommand (4ms) [Parameters=[], CommandType='Text', CommandTimeout='30']
CREATE TABLE [AspNetRoles] (
    [Id] nvarchar(450) NOT NULL,
    [Name] nvarchar(256) NULL,
    [NormalizedName] nvarchar(256) NULL,
    [ConcurrencyStamp] nvarchar(max) NULL,
    CONSTRAINT [PK_AspNetRoles] PRIMARY KEY ([Id])
);
2021-05-18 22:46:24.3664|INFO|Microsoft.Hosting.Lifetime|Application started. Press Ctrl+C to shut down.
2021-05-18 22:46:24.4015|INFO|Microsoft.Hosting.Lifetime|Hosting environment: Development
2021-05-18 22:46:24.4070|INFO|Microsoft.Hosting.Lifetime|Content root path: C:\Users\matta\Source\Repos\Zinger\Zinger\Zinger
2021-05-18 22:49:59.4469|INFO|Microsoft.Hosting.Lifetime|Application started. Press Ctrl+C to shut down.
2021-05-18 22:49:59.4818|INFO|Microsoft.Hosting.Lifetime|Hosting environment: Development
2021-05-18 22:49:59.4875|INFO|Microsoft.Hosting.Lifetime|Content root path: C:\Users\matta\Source\Repos\Zinger\Zinger\Zinger
2021-05-18 22:53:22.3910|INFO|Microsoft.Hosting.Lifetime|Application started. Press Ctrl+C to shut down.
2021-05-18 22:53:22.4297|INFO|Microsoft.Hosting.Lifetime|Hosting environment: Development
2021-05-18 22:53:22.4297|INFO|Microsoft.Hosting.Lifetime|Content root path: C:\Users\matta\Source\Repos\Zinger\Zinger\Zinger
2021-05-18 23:00:37.2477|INFO|Microsoft.Hosting.Lifetime|Application started. Press Ctrl+C to shut down.
2021-05-18 23:00:37.2825|INFO|Microsoft.Hosting.Lifetime|Hosting environment: Development
2021-05-18 23:00:37.2825|INFO|Microsoft.Hosting.Lifetime|Content root path: C:\Users\matta\Source\Repos\Zinger\Zinger\Zinger
2021-05-18 23:10:19.7404|INFO|Microsoft.Hosting.Lifetime|Application started. Press Ctrl+C to shut down.
2021-05-18 23:10:19.7744|INFO|Microsoft.Hosting.Lifetime|Hosting environment: Development
2021-05-18 23:10:19.7744|INFO|Microsoft.Hosting.Lifetime|Content root path: C:\Users\matta\Source\Repos\Zinger\Zinger\Zinger
