2021-05-17 12:22:00.0224|INFO|Microsoft.Hosting.Lifetime|Application started. Press Ctrl+C to shut down.
2021-05-17 12:22:00.0782|INFO|Microsoft.Hosting.Lifetime|Hosting environment: Production
2021-05-17 12:22:00.0860|INFO|Microsoft.Hosting.Lifetime|Content root path: C:\Users\matta\Source\Repos\Zinger\Zinger\Zinger
2021-05-17 12:26:37.3545|INFO|Microsoft.Hosting.Lifetime|Application started. Press Ctrl+C to shut down.
2021-05-17 12:26:37.3939|INFO|Microsoft.Hosting.Lifetime|Hosting environment: Production
2021-05-17 12:26:37.4031|INFO|Microsoft.Hosting.Lifetime|Content root path: C:\Users\matta\Source\Repos\Zinger\Zinger\Zinger
2021-05-17 12:57:45.1626|INFO|Microsoft.Hosting.Lifetime|Application started. Press Ctrl+C to shut down.
2021-05-17 12:57:45.2016|INFO|Microsoft.Hosting.Lifetime|Hosting environment: Production
2021-05-17 12:57:45.2016|INFO|Microsoft.Hosting.Lifetime|Content root path: C:\Users\matta\Source\Repos\Zinger\Zinger\Zinger
2021-05-17 12:59:48.2805|INFO|Microsoft.Hosting.Lifetime|Application started. Press Ctrl+C to shut down.
2021-05-17 12:59:48.3161|INFO|Microsoft.Hosting.Lifetime|Hosting environment: Production
2021-05-17 12:59:48.3210|INFO|Microsoft.Hosting.Lifetime|Content root path: C:\Users\matta\Source\Repos\Zinger\Zinger\Zinger
2021-05-17 13:12:52.5661|INFO|Microsoft.Hosting.Lifetime|Application started. Press Ctrl+C to shut down.
2021-05-17 13:12:52.6023|INFO|Microsoft.Hosting.Lifetime|Hosting environment: Production
2021-05-17 13:12:52.6023|INFO|Microsoft.Hosting.Lifetime|Content root path: C:\Users\matta\Source\Repos\Zinger\Zinger\Zinger
2021-05-17 13:18:24.5959|INFO|Microsoft.Hosting.Lifetime|Application started. Press Ctrl+C to shut down.
2021-05-17 13:18:24.6305|INFO|Microsoft.Hosting.Lifetime|Hosting environment: Production
2021-05-17 13:18:24.6364|INFO|Microsoft.Hosting.Lifetime|Content root path: C:\Users\matta\Source\Repos\Zinger\Zinger\Zinger
2021-05-17 13:20:13.7434|INFO|Microsoft.Hosting.Lifetime|Application started. Press Ctrl+C to shut down.
2021-05-17 13:20:13.7932|INFO|Microsoft.Hosting.Lifetime|Hosting environment: Production
2021-05-17 13:20:13.7932|INFO|Microsoft.Hosting.Lifetime|Content root path: C:\Users\matta\Source\Repos\Zinger\Zinger\Zinger
2021-05-17 13:24:07.1082|ERROR|Microsoft.AspNetCore.Diagnostics.ExceptionHandlerMiddleware|An unhandled exception has occurred while executing the request.
2021-05-17 13:24:07.1195|ERROR|Zinger.Controllers.ErrorController|The path /Account/IsUser_HandleInUse threw an exception System.ArgumentNullException: Value cannot be null. (Parameter 'userName')
   at Microsoft.AspNetCore.Identity.UserManager`1.FindByNameAsync(String userName)
   at Zinger.Controllers.AccountController.IsUser_HandleInUse(String user_handle) in C:\Users\matta\source\repos\Zinger\Zinger\Zinger\Controllers\AccountController.cs:line 48
   at Microsoft.AspNetCore.Mvc.Infrastructure.ActionMethodExecutor.TaskOfIActionResultExecutor.Execute(IActionResultTypeMapper mapper, ObjectMethodExecutor executor, Object controller, Object[] arguments)
   at Microsoft.AspNetCore.Mvc.Infrastructure.ControllerActionInvoker.<InvokeActionMethodAsync>g__Awaited|12_0(ControllerActionInvoker invoker, ValueTask`1 actionResultValueTask)
   at Microsoft.AspNetCore.Mvc.Infrastructure.ControllerActionInvoker.<InvokeNextActionFilterAsync>g__Awaited|10_0(ControllerActionInvoker invoker, Task lastTask, State next, Scope scope, Object state, Boolean isCompleted)
   at Microsoft.AspNetCore.Mvc.Infrastructure.ControllerActionInvoker.Rethrow(ActionExecutedContextSealed context)
   at Microsoft.AspNetCore.Mvc.Infrastructure.ControllerActionInvoker.Next(State& next, Scope& scope, Object& state, Boolean& isCompleted)
   at Microsoft.AspNetCore.Mvc.Infrastructure.ControllerActionInvoker.InvokeInnerFilterAsync()
--- End of stack trace from previous location ---
   at Microsoft.AspNetCore.Mvc.Infrastructure.ResourceInvoker.<InvokeNextResourceFilter>g__Awaited|24_0(ResourceInvoker invoker, Task lastTask, State next, Scope scope, Object state, Boolean isCompleted)
   at Microsoft.AspNetCore.Mvc.Infrastructure.ResourceInvoker.Rethrow(ResourceExecutedContextSealed context)
   at Microsoft.AspNetCore.Mvc.Infrastructure.ResourceInvoker.Next(State& next, Scope& scope, Object& state, Boolean& isCompleted)
   at Microsoft.AspNetCore.Mvc.Infrastructure.ResourceInvoker.InvokeFilterPipelineAsync()
--- End of stack trace from previous location ---
   at Microsoft.AspNetCore.Mvc.Infrastructure.ResourceInvoker.<InvokeAsync>g__Awaited|17_0(ResourceInvoker invoker, Task task, IDisposable scope)
   at Microsoft.AspNetCore.Routing.EndpointMiddleware.<Invoke>g__AwaitRequestTask|6_0(Endpoint endpoint, Task requestTask, ILogger logger)
   at Microsoft.AspNetCore.Authorization.AuthorizationMiddleware.Invoke(HttpContext context)
   at Microsoft.AspNetCore.Authentication.AuthenticationMiddleware.Invoke(HttpContext context)
   at Microsoft.AspNetCore.Diagnostics.StatusCodePagesMiddleware.Invoke(HttpContext context)
   at Microsoft.AspNetCore.Diagnostics.ExceptionHandlerMiddleware.<Invoke>g__Awaited|6_0(ExceptionHandlerMiddleware middleware, HttpContext context, Task task)
2021-05-17 17:24:42.0496|INFO|Microsoft.Hosting.Lifetime|Application started. Press Ctrl+C to shut down.
2021-05-17 17:24:42.0886|INFO|Microsoft.Hosting.Lifetime|Hosting environment: Production
2021-05-17 17:24:42.0886|INFO|Microsoft.Hosting.Lifetime|Content root path: C:\Users\matta\Source\Repos\Zinger\Zinger\Zinger
2021-05-17 17:25:55.4253|ERROR|Microsoft.AspNetCore.Diagnostics.ExceptionHandlerMiddleware|An unhandled exception has occurred while executing the request.
2021-05-17 17:25:55.4367|ERROR|Zinger.Controllers.ErrorController|The path /Account/IsUser_HandleInUse threw an exception System.ArgumentNullException: Value cannot be null. (Parameter 'userName')
   at Microsoft.AspNetCore.Identity.UserManager`1.FindByNameAsync(String userName)
   at Zinger.Controllers.AccountController.IsUser_HandleInUse(String user_handle) in C:\Users\matta\source\repos\Zinger\Zinger\Zinger\Controllers\AccountController.cs:line 48
   at Microsoft.AspNetCore.Mvc.Infrastructure.ActionMethodExecutor.TaskOfIActionResultExecutor.Execute(IActionResultTypeMapper mapper, ObjectMethodExecutor executor, Object controller, Object[] arguments)
   at Microsoft.AspNetCore.Mvc.Infrastructure.ControllerActionInvoker.<InvokeActionMethodAsync>g__Awaited|12_0(ControllerActionInvoker invoker, ValueTask`1 actionResultValueTask)
   at Microsoft.AspNetCore.Mvc.Infrastructure.ControllerActionInvoker.<InvokeNextActionFilterAsync>g__Awaited|10_0(ControllerActionInvoker invoker, Task lastTask, State next, Scope scope, Object state, Boolean isCompleted)
   at Microsoft.AspNetCore.Mvc.Infrastructure.ControllerActionInvoker.Rethrow(ActionExecutedContextSealed context)
   at Microsoft.AspNetCore.Mvc.Infrastructure.ControllerActionInvoker.Next(State& next, Scope& scope, Object& state, Boolean& isCompleted)
   at Microsoft.AspNetCore.Mvc.Infrastructure.ControllerActionInvoker.InvokeInnerFilterAsync()
--- End of stack trace from previous location ---
   at Microsoft.AspNetCore.Mvc.Infrastructure.ResourceInvoker.<InvokeNextResourceFilter>g__Awaited|24_0(ResourceInvoker invoker, Task lastTask, State next, Scope scope, Object state, Boolean isCompleted)
   at Microsoft.AspNetCore.Mvc.Infrastructure.ResourceInvoker.Rethrow(ResourceExecutedContextSealed context)
   at Microsoft.AspNetCore.Mvc.Infrastructure.ResourceInvoker.Next(State& next, Scope& scope, Object& state, Boolean& isCompleted)
   at Microsoft.AspNetCore.Mvc.Infrastructure.ResourceInvoker.InvokeFilterPipelineAsync()
--- End of stack trace from previous location ---
   at Microsoft.AspNetCore.Mvc.Infrastructure.ResourceInvoker.<InvokeAsync>g__Awaited|17_0(ResourceInvoker invoker, Task task, IDisposable scope)
   at Microsoft.AspNetCore.Routing.EndpointMiddleware.<Invoke>g__AwaitRequestTask|6_0(Endpoint endpoint, Task requestTask, ILogger logger)
   at Microsoft.AspNetCore.Authorization.AuthorizationMiddleware.Invoke(HttpContext context)
   at Microsoft.AspNetCore.Authentication.AuthenticationMiddleware.Invoke(HttpContext context)
   at Microsoft.AspNetCore.Diagnostics.StatusCodePagesMiddleware.Invoke(HttpContext context)
   at Microsoft.AspNetCore.Diagnostics.ExceptionHandlerMiddleware.<Invoke>g__Awaited|6_0(ExceptionHandlerMiddleware middleware, HttpContext context, Task task)
2021-05-17 17:33:50.7648|INFO|Microsoft.Hosting.Lifetime|Application started. Press Ctrl+C to shut down.
2021-05-17 17:33:50.8009|INFO|Microsoft.Hosting.Lifetime|Hosting environment: Production
2021-05-17 17:33:50.8009|INFO|Microsoft.Hosting.Lifetime|Content root path: C:\Users\matta\Source\Repos\Zinger\Zinger\Zinger
2021-05-17 18:19:05.9002|INFO|Microsoft.Hosting.Lifetime|Application started. Press Ctrl+C to shut down.
2021-05-17 18:19:05.9345|INFO|Microsoft.Hosting.Lifetime|Hosting environment: Production
2021-05-17 18:19:05.9345|INFO|Microsoft.Hosting.Lifetime|Content root path: C:\Users\matta\Source\Repos\Zinger\Zinger\Zinger
2021-05-17 19:28:23.2478|ERROR|Microsoft.AspNetCore.Diagnostics.ExceptionHandlerMiddleware|An unhandled exception has occurred while executing the request.
2021-05-17 19:28:23.2624|ERROR|Zinger.Controllers.ErrorController|The path /Account/IsUser_HandleInUse threw an exception System.ArgumentNullException: Value cannot be null. (Parameter 'userName')
   at Microsoft.AspNetCore.Identity.UserManager`1.FindByNameAsync(String userName)
   at Zinger.Controllers.AccountController.IsUser_HandleInUse(String user_handle) in C:\Users\matta\source\repos\Zinger\Zinger\Zinger\Controllers\AccountController.cs:line 48
   at Microsoft.AspNetCore.Mvc.Infrastructure.ActionMethodExecutor.TaskOfIActionResultExecutor.Execute(IActionResultTypeMapper mapper, ObjectMethodExecutor executor, Object controller, Object[] arguments)
   at Microsoft.AspNetCore.Mvc.Infrastructure.ControllerActionInvoker.<InvokeActionMethodAsync>g__Awaited|12_0(ControllerActionInvoker invoker, ValueTask`1 actionResultValueTask)
   at Microsoft.AspNetCore.Mvc.Infrastructure.ControllerActionInvoker.<InvokeNextActionFilterAsync>g__Awaited|10_0(ControllerActionInvoker invoker, Task lastTask, State next, Scope scope, Object state, Boolean isCompleted)
   at Microsoft.AspNetCore.Mvc.Infrastructure.ControllerActionInvoker.Rethrow(ActionExecutedContextSealed context)
   at Microsoft.AspNetCore.Mvc.Infrastructure.ControllerActionInvoker.Next(State& next, Scope& scope, Object& state, Boolean& isCompleted)
   at Microsoft.AspNetCore.Mvc.Infrastructure.ControllerActionInvoker.InvokeInnerFilterAsync()
--- End of stack trace from previous location ---
   at Microsoft.AspNetCore.Mvc.Infrastructure.ResourceInvoker.<InvokeNextResourceFilter>g__Awaited|24_0(ResourceInvoker invoker, Task lastTask, State next, Scope scope, Object state, Boolean isCompleted)
   at Microsoft.AspNetCore.Mvc.Infrastructure.ResourceInvoker.Rethrow(ResourceExecutedContextSealed context)
   at Microsoft.AspNetCore.Mvc.Infrastructure.ResourceInvoker.Next(State& next, Scope& scope, Object& state, Boolean& isCompleted)
   at Microsoft.AspNetCore.Mvc.Infrastructure.ResourceInvoker.InvokeFilterPipelineAsync()
--- End of stack trace from previous location ---
   at Microsoft.AspNetCore.Mvc.Infrastructure.ResourceInvoker.<InvokeAsync>g__Awaited|17_0(ResourceInvoker invoker, Task task, IDisposable scope)
   at Microsoft.AspNetCore.Routing.EndpointMiddleware.<Invoke>g__AwaitRequestTask|6_0(Endpoint endpoint, Task requestTask, ILogger logger)
   at Microsoft.AspNetCore.Authorization.AuthorizationMiddleware.Invoke(HttpContext context)
   at Microsoft.AspNetCore.Authentication.AuthenticationMiddleware.Invoke(HttpContext context)
   at Microsoft.AspNetCore.Diagnostics.StatusCodePagesMiddleware.Invoke(HttpContext context)
   at Microsoft.AspNetCore.Diagnostics.ExceptionHandlerMiddleware.<Invoke>g__Awaited|6_0(ExceptionHandlerMiddleware middleware, HttpContext context, Task task)
2021-05-17 19:29:12.4265|INFO|Microsoft.Hosting.Lifetime|Application started. Press Ctrl+C to shut down.
2021-05-17 19:29:12.4619|INFO|Microsoft.Hosting.Lifetime|Hosting environment: Production
2021-05-17 19:29:12.4619|INFO|Microsoft.Hosting.Lifetime|Content root path: C:\Users\matta\Source\Repos\Zinger\Zinger\Zinger
2021-05-17 19:29:33.6637|ERROR|Microsoft.AspNetCore.Diagnostics.ExceptionHandlerMiddleware|An unhandled exception has occurred while executing the request.
2021-05-17 19:29:33.6816|ERROR|Zinger.Controllers.ErrorController|The path /Account/IsUser_HandleInUse threw an exception System.ArgumentNullException: Value cannot be null. (Parameter 'userName')
   at Microsoft.AspNetCore.Identity.UserManager`1.FindByNameAsync(String userName)
   at Zinger.Controllers.AccountController.IsUser_HandleInUse(String user_handle) in C:\Users\matta\source\repos\Zinger\Zinger\Zinger\Controllers\AccountController.cs:line 48
   at Microsoft.AspNetCore.Mvc.Infrastructure.ActionMethodExecutor.TaskOfIActionResultExecutor.Execute(IActionResultTypeMapper mapper, ObjectMethodExecutor executor, Object controller, Object[] arguments)
   at Microsoft.AspNetCore.Mvc.Infrastructure.ControllerActionInvoker.<InvokeActionMethodAsync>g__Awaited|12_0(ControllerActionInvoker invoker, ValueTask`1 actionResultValueTask)
   at Microsoft.AspNetCore.Mvc.Infrastructure.ControllerActionInvoker.<InvokeNextActionFilterAsync>g__Awaited|10_0(ControllerActionInvoker invoker, Task lastTask, State next, Scope scope, Object state, Boolean isCompleted)
   at Microsoft.AspNetCore.Mvc.Infrastructure.ControllerActionInvoker.Rethrow(ActionExecutedContextSealed context)
   at Microsoft.AspNetCore.Mvc.Infrastructure.ControllerActionInvoker.Next(State& next, Scope& scope, Object& state, Boolean& isCompleted)
   at Microsoft.AspNetCore.Mvc.Infrastructure.ControllerActionInvoker.InvokeInnerFilterAsync()
--- End of stack trace from previous location ---
   at Microsoft.AspNetCore.Mvc.Infrastructure.ResourceInvoker.<InvokeNextResourceFilter>g__Awaited|24_0(ResourceInvoker invoker, Task lastTask, State next, Scope scope, Object state, Boolean isCompleted)
   at Microsoft.AspNetCore.Mvc.Infrastructure.ResourceInvoker.Rethrow(ResourceExecutedContextSealed context)
   at Microsoft.AspNetCore.Mvc.Infrastructure.ResourceInvoker.Next(State& next, Scope& scope, Object& state, Boolean& isCompleted)
   at Microsoft.AspNetCore.Mvc.Infrastructure.ResourceInvoker.InvokeFilterPipelineAsync()
--- End of stack trace from previous location ---
   at Microsoft.AspNetCore.Mvc.Infrastructure.ResourceInvoker.<InvokeAsync>g__Awaited|17_0(ResourceInvoker invoker, Task task, IDisposable scope)
   at Microsoft.AspNetCore.Routing.EndpointMiddleware.<Invoke>g__AwaitRequestTask|6_0(Endpoint endpoint, Task requestTask, ILogger logger)
   at Microsoft.AspNetCore.Authorization.AuthorizationMiddleware.Invoke(HttpContext context)
   at Microsoft.AspNetCore.Authentication.AuthenticationMiddleware.Invoke(HttpContext context)
   at Microsoft.AspNetCore.Diagnostics.StatusCodePagesMiddleware.Invoke(HttpContext context)
   at Microsoft.AspNetCore.Diagnostics.ExceptionHandlerMiddleware.<Invoke>g__Awaited|6_0(ExceptionHandlerMiddleware middleware, HttpContext context, Task task)
2021-05-17 19:50:20.8489|INFO|Microsoft.Hosting.Lifetime|Application started. Press Ctrl+C to shut down.
2021-05-17 19:50:20.8853|INFO|Microsoft.Hosting.Lifetime|Hosting environment: Production
2021-05-17 19:50:20.8853|INFO|Microsoft.Hosting.Lifetime|Content root path: C:\Users\matta\Source\Repos\Zinger\Zinger\Zinger
2021-05-17 19:51:00.5444|ERROR|Microsoft.AspNetCore.Diagnostics.ExceptionHandlerMiddleware|An unhandled exception has occurred while executing the request.
2021-05-17 19:51:00.5568|ERROR|Zinger.Controllers.ErrorController|The path /Account/IsUser_HandleInUse threw an exception System.ArgumentNullException: Value cannot be null. (Parameter 'userName')
   at Microsoft.AspNetCore.Identity.UserManager`1.FindByNameAsync(String userName)
   at Zinger.Controllers.AccountController.IsUser_HandleInUse(String user_handle) in C:\Users\matta\source\repos\Zinger\Zinger\Zinger\Controllers\AccountController.cs:line 48
   at Microsoft.AspNetCore.Mvc.Infrastructure.ActionMethodExecutor.TaskOfIActionResultExecutor.Execute(IActionResultTypeMapper mapper, ObjectMethodExecutor executor, Object controller, Object[] arguments)
   at Microsoft.AspNetCore.Mvc.Infrastructure.ControllerActionInvoker.<InvokeActionMethodAsync>g__Awaited|12_0(ControllerActionInvoker invoker, ValueTask`1 actionResultValueTask)
   at Microsoft.AspNetCore.Mvc.Infrastructure.ControllerActionInvoker.<InvokeNextActionFilterAsync>g__Awaited|10_0(ControllerActionInvoker invoker, Task lastTask, State next, Scope scope, Object state, Boolean isCompleted)
   at Microsoft.AspNetCore.Mvc.Infrastructure.ControllerActionInvoker.Rethrow(ActionExecutedContextSealed context)
   at Microsoft.AspNetCore.Mvc.Infrastructure.ControllerActionInvoker.Next(State& next, Scope& scope, Object& state, Boolean& isCompleted)
   at Microsoft.AspNetCore.Mvc.Infrastructure.ControllerActionInvoker.InvokeInnerFilterAsync()
--- End of stack trace from previous location ---
   at Microsoft.AspNetCore.Mvc.Infrastructure.ResourceInvoker.<InvokeNextResourceFilter>g__Awaited|24_0(ResourceInvoker invoker, Task lastTask, State next, Scope scope, Object state, Boolean isCompleted)
   at Microsoft.AspNetCore.Mvc.Infrastructure.ResourceInvoker.Rethrow(ResourceExecutedContextSealed context)
   at Microsoft.AspNetCore.Mvc.Infrastructure.ResourceInvoker.Next(State& next, Scope& scope, Object& state, Boolean& isCompleted)
   at Microsoft.AspNetCore.Mvc.Infrastructure.ResourceInvoker.InvokeFilterPipelineAsync()
--- End of stack trace from previous location ---
   at Microsoft.AspNetCore.Mvc.Infrastructure.ResourceInvoker.<InvokeAsync>g__Awaited|17_0(ResourceInvoker invoker, Task task, IDisposable scope)
   at Microsoft.AspNetCore.Routing.EndpointMiddleware.<Invoke>g__AwaitRequestTask|6_0(Endpoint endpoint, Task requestTask, ILogger logger)
   at Microsoft.AspNetCore.Authorization.AuthorizationMiddleware.Invoke(HttpContext context)
   at Microsoft.AspNetCore.Authentication.AuthenticationMiddleware.Invoke(HttpContext context)
   at Microsoft.AspNetCore.Diagnostics.StatusCodePagesMiddleware.Invoke(HttpContext context)
   at Microsoft.AspNetCore.Diagnostics.ExceptionHandlerMiddleware.<Invoke>g__Awaited|6_0(ExceptionHandlerMiddleware middleware, HttpContext context, Task task)
2021-05-17 20:17:23.4369|INFO|Microsoft.Hosting.Lifetime|Application started. Press Ctrl+C to shut down.
2021-05-17 20:17:23.4714|INFO|Microsoft.Hosting.Lifetime|Hosting environment: Production
2021-05-17 20:17:23.4768|INFO|Microsoft.Hosting.Lifetime|Content root path: C:\Users\matta\Source\Repos\Zinger\Zinger\Zinger
2021-05-17 20:17:44.8800|ERROR|Microsoft.AspNetCore.Diagnostics.ExceptionHandlerMiddleware|An unhandled exception has occurred while executing the request.
2021-05-17 20:17:44.8800|ERROR|Zinger.Controllers.ErrorController|The path /Account/IsUser_HandleInUse threw an exception System.ArgumentNullException: Value cannot be null. (Parameter 'userName')
   at Microsoft.AspNetCore.Identity.UserManager`1.FindByNameAsync(String userName)
   at Zinger.Controllers.AccountController.IsUser_HandleInUse(String user_handle) in C:\Users\matta\source\repos\Zinger\Zinger\Zinger\Controllers\AccountController.cs:line 48
   at Microsoft.AspNetCore.Mvc.Infrastructure.ActionMethodExecutor.TaskOfIActionResultExecutor.Execute(IActionResultTypeMapper mapper, ObjectMethodExecutor executor, Object controller, Object[] arguments)
   at Microsoft.AspNetCore.Mvc.Infrastructure.ControllerActionInvoker.<InvokeActionMethodAsync>g__Awaited|12_0(ControllerActionInvoker invoker, ValueTask`1 actionResultValueTask)
   at Microsoft.AspNetCore.Mvc.Infrastructure.ControllerActionInvoker.<InvokeNextActionFilterAsync>g__Awaited|10_0(ControllerActionInvoker invoker, Task lastTask, State next, Scope scope, Object state, Boolean isCompleted)
   at Microsoft.AspNetCore.Mvc.Infrastructure.ControllerActionInvoker.Rethrow(ActionExecutedContextSealed context)
   at Microsoft.AspNetCore.Mvc.Infrastructure.ControllerActionInvoker.Next(State& next, Scope& scope, Object& state, Boolean& isCompleted)
   at Microsoft.AspNetCore.Mvc.Infrastructure.ControllerActionInvoker.InvokeInnerFilterAsync()
--- End of stack trace from previous location ---
   at Microsoft.AspNetCore.Mvc.Infrastructure.ResourceInvoker.<InvokeNextResourceFilter>g__Awaited|24_0(ResourceInvoker invoker, Task lastTask, State next, Scope scope, Object state, Boolean isCompleted)
   at Microsoft.AspNetCore.Mvc.Infrastructure.ResourceInvoker.Rethrow(ResourceExecutedContextSealed context)
   at Microsoft.AspNetCore.Mvc.Infrastructure.ResourceInvoker.Next(State& next, Scope& scope, Object& state, Boolean& isCompleted)
   at Microsoft.AspNetCore.Mvc.Infrastructure.ResourceInvoker.InvokeFilterPipelineAsync()
--- End of stack trace from previous location ---
   at Microsoft.AspNetCore.Mvc.Infrastructure.ResourceInvoker.<InvokeAsync>g__Awaited|17_0(ResourceInvoker invoker, Task task, IDisposable scope)
   at Microsoft.AspNetCore.Routing.EndpointMiddleware.<Invoke>g__AwaitRequestTask|6_0(Endpoint endpoint, Task requestTask, ILogger logger)
   at Microsoft.AspNetCore.Authorization.AuthorizationMiddleware.Invoke(HttpContext context)
   at Microsoft.AspNetCore.Authentication.AuthenticationMiddleware.Invoke(HttpContext context)
   at Microsoft.AspNetCore.Diagnostics.StatusCodePagesMiddleware.Invoke(HttpContext context)
   at Microsoft.AspNetCore.Diagnostics.ExceptionHandlerMiddleware.<Invoke>g__Awaited|6_0(ExceptionHandlerMiddleware middleware, HttpContext context, Task task)
2021-05-17 20:18:06.6215|ERROR|Microsoft.AspNetCore.Diagnostics.ExceptionHandlerMiddleware|An unhandled exception has occurred while executing the request.
2021-05-17 20:18:06.6215|ERROR|Zinger.Controllers.ErrorController|The path /Account/IsUser_HandleInUse threw an exception System.ArgumentNullException: Value cannot be null. (Parameter 'userName')
   at Microsoft.AspNetCore.Identity.UserManager`1.FindByNameAsync(String userName)
   at Zinger.Controllers.AccountController.IsUser_HandleInUse(String user_handle) in C:\Users\matta\source\repos\Zinger\Zinger\Zinger\Controllers\AccountController.cs:line 48
   at Microsoft.AspNetCore.Mvc.Infrastructure.ActionMethodExecutor.TaskOfIActionResultExecutor.Execute(IActionResultTypeMapper mapper, ObjectMethodExecutor executor, Object controller, Object[] arguments)
   at Microsoft.AspNetCore.Mvc.Infrastructure.ControllerActionInvoker.<InvokeActionMethodAsync>g__Awaited|12_0(ControllerActionInvoker invoker, ValueTask`1 actionResultValueTask)
   at Microsoft.AspNetCore.Mvc.Infrastructure.ControllerActionInvoker.<InvokeNextActionFilterAsync>g__Awaited|10_0(ControllerActionInvoker invoker, Task lastTask, State next, Scope scope, Object state, Boolean isCompleted)
   at Microsoft.AspNetCore.Mvc.Infrastructure.ControllerActionInvoker.Rethrow(ActionExecutedContextSealed context)
   at Microsoft.AspNetCore.Mvc.Infrastructure.ControllerActionInvoker.Next(State& next, Scope& scope, Object& state, Boolean& isCompleted)
   at Microsoft.AspNetCore.Mvc.Infrastructure.ControllerActionInvoker.InvokeInnerFilterAsync()
--- End of stack trace from previous location ---
   at Microsoft.AspNetCore.Mvc.Infrastructure.ResourceInvoker.<InvokeNextResourceFilter>g__Awaited|24_0(ResourceInvoker invoker, Task lastTask, State next, Scope scope, Object state, Boolean isCompleted)
   at Microsoft.AspNetCore.Mvc.Infrastructure.ResourceInvoker.Rethrow(ResourceExecutedContextSealed context)
   at Microsoft.AspNetCore.Mvc.Infrastructure.ResourceInvoker.Next(State& next, Scope& scope, Object& state, Boolean& isCompleted)
   at Microsoft.AspNetCore.Mvc.Infrastructure.ResourceInvoker.InvokeFilterPipelineAsync()
--- End of stack trace from previous location ---
   at Microsoft.AspNetCore.Mvc.Infrastructure.ResourceInvoker.<InvokeAsync>g__Awaited|17_0(ResourceInvoker invoker, Task task, IDisposable scope)
   at Microsoft.AspNetCore.Routing.EndpointMiddleware.<Invoke>g__AwaitRequestTask|6_0(Endpoint endpoint, Task requestTask, ILogger logger)
   at Microsoft.AspNetCore.Authorization.AuthorizationMiddleware.Invoke(HttpContext context)
   at Microsoft.AspNetCore.Authentication.AuthenticationMiddleware.Invoke(HttpContext context)
   at Microsoft.AspNetCore.Diagnostics.StatusCodePagesMiddleware.Invoke(HttpContext context)
   at Microsoft.AspNetCore.Diagnostics.ExceptionHandlerMiddleware.<Invoke>g__Awaited|6_0(ExceptionHandlerMiddleware middleware, HttpContext context, Task task)
2021-05-17 20:26:34.7279|INFO|Microsoft.Hosting.Lifetime|Application started. Press Ctrl+C to shut down.
2021-05-17 20:26:34.7616|INFO|Microsoft.Hosting.Lifetime|Hosting environment: Production
2021-05-17 20:26:34.7616|INFO|Microsoft.Hosting.Lifetime|Content root path: C:\Users\matta\Source\Repos\Zinger\Zinger\Zinger
2021-05-17 20:27:33.8652|ERROR|Microsoft.AspNetCore.Diagnostics.ExceptionHandlerMiddleware|An unhandled exception has occurred while executing the request.
2021-05-17 20:27:33.8652|ERROR|Zinger.Controllers.ErrorController|The path /Account/IsUser_HandleInUse threw an exception System.ArgumentNullException: Value cannot be null. (Parameter 'userName')
   at Microsoft.AspNetCore.Identity.UserManager`1.FindByNameAsync(String userName)
   at Zinger.Controllers.AccountController.IsUser_HandleInUse(String user_handle) in C:\Users\matta\source\repos\Zinger\Zinger\Zinger\Controllers\AccountController.cs:line 48
   at Microsoft.AspNetCore.Mvc.Infrastructure.ActionMethodExecutor.TaskOfIActionResultExecutor.Execute(IActionResultTypeMapper mapper, ObjectMethodExecutor executor, Object controller, Object[] arguments)
   at Microsoft.AspNetCore.Mvc.Infrastructure.ControllerActionInvoker.<InvokeActionMethodAsync>g__Awaited|12_0(ControllerActionInvoker invoker, ValueTask`1 actionResultValueTask)
   at Microsoft.AspNetCore.Mvc.Infrastructure.ControllerActionInvoker.<InvokeNextActionFilterAsync>g__Awaited|10_0(ControllerActionInvoker invoker, Task lastTask, State next, Scope scope, Object state, Boolean isCompleted)
   at Microsoft.AspNetCore.Mvc.Infrastructure.ControllerActionInvoker.Rethrow(ActionExecutedContextSealed context)
   at Microsoft.AspNetCore.Mvc.Infrastructure.ControllerActionInvoker.Next(State& next, Scope& scope, Object& state, Boolean& isCompleted)
   at Microsoft.AspNetCore.Mvc.Infrastructure.ControllerActionInvoker.InvokeInnerFilterAsync()
--- End of stack trace from previous location ---
   at Microsoft.AspNetCore.Mvc.Infrastructure.ResourceInvoker.<InvokeNextResourceFilter>g__Awaited|24_0(ResourceInvoker invoker, Task lastTask, State next, Scope scope, Object state, Boolean isCompleted)
   at Microsoft.AspNetCore.Mvc.Infrastructure.ResourceInvoker.Rethrow(ResourceExecutedContextSealed context)
   at Microsoft.AspNetCore.Mvc.Infrastructure.ResourceInvoker.Next(State& next, Scope& scope, Object& state, Boolean& isCompleted)
   at Microsoft.AspNetCore.Mvc.Infrastructure.ResourceInvoker.InvokeFilterPipelineAsync()
--- End of stack trace from previous location ---
   at Microsoft.AspNetCore.Mvc.Infrastructure.ResourceInvoker.<InvokeAsync>g__Awaited|17_0(ResourceInvoker invoker, Task task, IDisposable scope)
   at Microsoft.AspNetCore.Routing.EndpointMiddleware.<Invoke>g__AwaitRequestTask|6_0(Endpoint endpoint, Task requestTask, ILogger logger)
   at Microsoft.AspNetCore.Authorization.AuthorizationMiddleware.Invoke(HttpContext context)
   at Microsoft.AspNetCore.Authentication.AuthenticationMiddleware.Invoke(HttpContext context)
   at Microsoft.AspNetCore.Diagnostics.StatusCodePagesMiddleware.Invoke(HttpContext context)
   at Microsoft.AspNetCore.Diagnostics.ExceptionHandlerMiddleware.<Invoke>g__Awaited|6_0(ExceptionHandlerMiddleware middleware, HttpContext context, Task task)
2021-05-17 20:35:10.7713|INFO|Microsoft.Hosting.Lifetime|Application started. Press Ctrl+C to shut down.
2021-05-17 20:35:10.8101|INFO|Microsoft.Hosting.Lifetime|Hosting environment: Production
2021-05-17 20:35:10.8101|INFO|Microsoft.Hosting.Lifetime|Content root path: C:\Users\matta\Source\Repos\Zinger\Zinger\Zinger
2021-05-17 20:41:19.4306|INFO|Microsoft.Hosting.Lifetime|Application started. Press Ctrl+C to shut down.
2021-05-17 20:41:19.4665|INFO|Microsoft.Hosting.Lifetime|Hosting environment: Production
2021-05-17 20:41:19.4665|INFO|Microsoft.Hosting.Lifetime|Content root path: C:\Users\matta\Source\Repos\Zinger\Zinger\Zinger
2021-05-17 20:41:34.9504|ERROR|Microsoft.AspNetCore.Diagnostics.ExceptionHandlerMiddleware|An unhandled exception has occurred while executing the request.
2021-05-17 20:41:34.9623|ERROR|Zinger.Controllers.ErrorController|The path /Account/IsUser_HandleInUse threw an exception System.ArgumentNullException: Value cannot be null. (Parameter 'userName')
   at Microsoft.AspNetCore.Identity.UserManager`1.FindByNameAsync(String userName)
   at Zinger.Controllers.AccountController.IsUser_HandleInUse(String user_handle) in C:\Users\matta\source\repos\Zinger\Zinger\Zinger\Controllers\AccountController.cs:line 48
   at Microsoft.AspNetCore.Mvc.Infrastructure.ActionMethodExecutor.TaskOfIActionResultExecutor.Execute(IActionResultTypeMapper mapper, ObjectMethodExecutor executor, Object controller, Object[] arguments)
   at Microsoft.AspNetCore.Mvc.Infrastructure.ControllerActionInvoker.<InvokeActionMethodAsync>g__Awaited|12_0(ControllerActionInvoker invoker, ValueTask`1 actionResultValueTask)
   at Microsoft.AspNetCore.Mvc.Infrastructure.ControllerActionInvoker.<InvokeNextActionFilterAsync>g__Awaited|10_0(ControllerActionInvoker invoker, Task lastTask, State next, Scope scope, Object state, Boolean isCompleted)
   at Microsoft.AspNetCore.Mvc.Infrastructure.ControllerActionInvoker.Rethrow(ActionExecutedContextSealed context)
   at Microsoft.AspNetCore.Mvc.Infrastructure.ControllerActionInvoker.Next(State& next, Scope& scope, Object& state, Boolean& isCompleted)
   at Microsoft.AspNetCore.Mvc.Infrastructure.ControllerActionInvoker.InvokeInnerFilterAsync()
--- End of stack trace from previous location ---
   at Microsoft.AspNetCore.Mvc.Infrastructure.ResourceInvoker.<InvokeNextResourceFilter>g__Awaited|24_0(ResourceInvoker invoker, Task lastTask, State next, Scope scope, Object state, Boolean isCompleted)
   at Microsoft.AspNetCore.Mvc.Infrastructure.ResourceInvoker.Rethrow(ResourceExecutedContextSealed context)
   at Microsoft.AspNetCore.Mvc.Infrastructure.ResourceInvoker.Next(State& next, Scope& scope, Object& state, Boolean& isCompleted)
   at Microsoft.AspNetCore.Mvc.Infrastructure.ResourceInvoker.InvokeFilterPipelineAsync()
--- End of stack trace from previous location ---
   at Microsoft.AspNetCore.Mvc.Infrastructure.ResourceInvoker.<InvokeAsync>g__Awaited|17_0(ResourceInvoker invoker, Task task, IDisposable scope)
   at Microsoft.AspNetCore.Routing.EndpointMiddleware.<Invoke>g__AwaitRequestTask|6_0(Endpoint endpoint, Task requestTask, ILogger logger)
   at Microsoft.AspNetCore.Authorization.AuthorizationMiddleware.Invoke(HttpContext context)
   at Microsoft.AspNetCore.Authentication.AuthenticationMiddleware.Invoke(HttpContext context)
   at Microsoft.AspNetCore.Diagnostics.StatusCodePagesMiddleware.Invoke(HttpContext context)
   at Microsoft.AspNetCore.Diagnostics.ExceptionHandlerMiddleware.<Invoke>g__Awaited|6_0(ExceptionHandlerMiddleware middleware, HttpContext context, Task task)
2021-05-17 20:48:04.5601|INFO|Microsoft.Hosting.Lifetime|Application started. Press Ctrl+C to shut down.
2021-05-17 20:48:04.5948|INFO|Microsoft.Hosting.Lifetime|Hosting environment: Production
2021-05-17 20:48:04.6003|INFO|Microsoft.Hosting.Lifetime|Content root path: C:\Users\matta\Source\Repos\Zinger\Zinger\Zinger
2021-05-17 20:48:20.0303|ERROR|Microsoft.AspNetCore.Diagnostics.ExceptionHandlerMiddleware|An unhandled exception has occurred while executing the request.
2021-05-17 20:48:20.0426|ERROR|Zinger.Controllers.ErrorController|The path /Account/IsUser_HandleInUse threw an exception System.ArgumentNullException: Value cannot be null. (Parameter 'userName')
   at Microsoft.AspNetCore.Identity.UserManager`1.FindByNameAsync(String userName)
   at Zinger.Controllers.AccountController.IsUser_HandleInUse(String user_handle) in C:\Users\matta\source\repos\Zinger\Zinger\Zinger\Controllers\AccountController.cs:line 48
   at Microsoft.AspNetCore.Mvc.Infrastructure.ActionMethodExecutor.TaskOfIActionResultExecutor.Execute(IActionResultTypeMapper mapper, ObjectMethodExecutor executor, Object controller, Object[] arguments)
   at Microsoft.AspNetCore.Mvc.Infrastructure.ControllerActionInvoker.<InvokeActionMethodAsync>g__Awaited|12_0(ControllerActionInvoker invoker, ValueTask`1 actionResultValueTask)
   at Microsoft.AspNetCore.Mvc.Infrastructure.ControllerActionInvoker.<InvokeNextActionFilterAsync>g__Awaited|10_0(ControllerActionInvoker invoker, Task lastTask, State next, Scope scope, Object state, Boolean isCompleted)
   at Microsoft.AspNetCore.Mvc.Infrastructure.ControllerActionInvoker.Rethrow(ActionExecutedContextSealed context)
   at Microsoft.AspNetCore.Mvc.Infrastructure.ControllerActionInvoker.Next(State& next, Scope& scope, Object& state, Boolean& isCompleted)
   at Microsoft.AspNetCore.Mvc.Infrastructure.ControllerActionInvoker.InvokeInnerFilterAsync()
--- End of stack trace from previous location ---
   at Microsoft.AspNetCore.Mvc.Infrastructure.ResourceInvoker.<InvokeNextResourceFilter>g__Awaited|24_0(ResourceInvoker invoker, Task lastTask, State next, Scope scope, Object state, Boolean isCompleted)
   at Microsoft.AspNetCore.Mvc.Infrastructure.ResourceInvoker.Rethrow(ResourceExecutedContextSealed context)
   at Microsoft.AspNetCore.Mvc.Infrastructure.ResourceInvoker.Next(State& next, Scope& scope, Object& state, Boolean& isCompleted)
   at Microsoft.AspNetCore.Mvc.Infrastructure.ResourceInvoker.InvokeFilterPipelineAsync()
--- End of stack trace from previous location ---
   at Microsoft.AspNetCore.Mvc.Infrastructure.ResourceInvoker.<InvokeAsync>g__Awaited|17_0(ResourceInvoker invoker, Task task, IDisposable scope)
   at Microsoft.AspNetCore.Routing.EndpointMiddleware.<Invoke>g__AwaitRequestTask|6_0(Endpoint endpoint, Task requestTask, ILogger logger)
   at Microsoft.AspNetCore.Authorization.AuthorizationMiddleware.Invoke(HttpContext context)
   at Microsoft.AspNetCore.Authentication.AuthenticationMiddleware.Invoke(HttpContext context)
   at Microsoft.AspNetCore.Diagnostics.StatusCodePagesMiddleware.Invoke(HttpContext context)
   at Microsoft.AspNetCore.Diagnostics.ExceptionHandlerMiddleware.<Invoke>g__Awaited|6_0(ExceptionHandlerMiddleware middleware, HttpContext context, Task task)
2021-05-17 20:49:12.3611|INFO|Microsoft.Hosting.Lifetime|Application started. Press Ctrl+C to shut down.
2021-05-17 20:49:12.4011|INFO|Microsoft.Hosting.Lifetime|Hosting environment: Production
2021-05-17 20:49:12.4011|INFO|Microsoft.Hosting.Lifetime|Content root path: C:\Users\matta\Source\Repos\Zinger\Zinger\Zinger
2021-05-17 20:49:26.2573|ERROR|Microsoft.AspNetCore.Diagnostics.ExceptionHandlerMiddleware|An unhandled exception has occurred while executing the request.
2021-05-17 20:49:26.2702|ERROR|Zinger.Controllers.ErrorController|The path /Account/IsUser_HandleInUse threw an exception System.ArgumentNullException: Value cannot be null. (Parameter 'userName')
   at Microsoft.AspNetCore.Identity.UserManager`1.FindByNameAsync(String userName)
   at Zinger.Controllers.AccountController.IsUser_HandleInUse(String user_handle) in C:\Users\matta\source\repos\Zinger\Zinger\Zinger\Controllers\AccountController.cs:line 48
   at Microsoft.AspNetCore.Mvc.Infrastructure.ActionMethodExecutor.TaskOfIActionResultExecutor.Execute(IActionResultTypeMapper mapper, ObjectMethodExecutor executor, Object controller, Object[] arguments)
   at Microsoft.AspNetCore.Mvc.Infrastructure.ControllerActionInvoker.<InvokeActionMethodAsync>g__Awaited|12_0(ControllerActionInvoker invoker, ValueTask`1 actionResultValueTask)
   at Microsoft.AspNetCore.Mvc.Infrastructure.ControllerActionInvoker.<InvokeNextActionFilterAsync>g__Awaited|10_0(ControllerActionInvoker invoker, Task lastTask, State next, Scope scope, Object state, Boolean isCompleted)
   at Microsoft.AspNetCore.Mvc.Infrastructure.ControllerActionInvoker.Rethrow(ActionExecutedContextSealed context)
   at Microsoft.AspNetCore.Mvc.Infrastructure.ControllerActionInvoker.Next(State& next, Scope& scope, Object& state, Boolean& isCompleted)
   at Microsoft.AspNetCore.Mvc.Infrastructure.ControllerActionInvoker.InvokeInnerFilterAsync()
--- End of stack trace from previous location ---
   at Microsoft.AspNetCore.Mvc.Infrastructure.ResourceInvoker.<InvokeNextResourceFilter>g__Awaited|24_0(ResourceInvoker invoker, Task lastTask, State next, Scope scope, Object state, Boolean isCompleted)
   at Microsoft.AspNetCore.Mvc.Infrastructure.ResourceInvoker.Rethrow(ResourceExecutedContextSealed context)
   at Microsoft.AspNetCore.Mvc.Infrastructure.ResourceInvoker.Next(State& next, Scope& scope, Object& state, Boolean& isCompleted)
   at Microsoft.AspNetCore.Mvc.Infrastructure.ResourceInvoker.InvokeFilterPipelineAsync()
--- End of stack trace from previous location ---
   at Microsoft.AspNetCore.Mvc.Infrastructure.ResourceInvoker.<InvokeAsync>g__Awaited|17_0(ResourceInvoker invoker, Task task, IDisposable scope)
   at Microsoft.AspNetCore.Routing.EndpointMiddleware.<Invoke>g__AwaitRequestTask|6_0(Endpoint endpoint, Task requestTask, ILogger logger)
   at Microsoft.AspNetCore.Authorization.AuthorizationMiddleware.Invoke(HttpContext context)
   at Microsoft.AspNetCore.Authentication.AuthenticationMiddleware.Invoke(HttpContext context)
   at Microsoft.AspNetCore.Diagnostics.StatusCodePagesMiddleware.Invoke(HttpContext context)
   at Microsoft.AspNetCore.Diagnostics.ExceptionHandlerMiddleware.<Invoke>g__Awaited|6_0(ExceptionHandlerMiddleware middleware, HttpContext context, Task task)
2021-05-17 20:51:11.5967|INFO|Microsoft.Hosting.Lifetime|Application started. Press Ctrl+C to shut down.
2021-05-17 20:51:11.6323|INFO|Microsoft.Hosting.Lifetime|Hosting environment: Production
2021-05-17 20:51:11.6323|INFO|Microsoft.Hosting.Lifetime|Content root path: C:\Users\matta\Source\Repos\Zinger\Zinger\Zinger
2021-05-17 20:51:28.7909|ERROR|Microsoft.AspNetCore.Diagnostics.ExceptionHandlerMiddleware|An unhandled exception has occurred while executing the request.
2021-05-17 20:51:28.8040|ERROR|Zinger.Controllers.ErrorController|The path /Account/IsUser_HandleInUse threw an exception System.ArgumentNullException: Value cannot be null. (Parameter 'userName')
   at Microsoft.AspNetCore.Identity.UserManager`1.FindByNameAsync(String userName)
   at Zinger.Controllers.AccountController.IsUser_HandleInUse(String user_handle) in C:\Users\matta\source\repos\Zinger\Zinger\Zinger\Controllers\AccountController.cs:line 48
   at Microsoft.AspNetCore.Mvc.Infrastructure.ActionMethodExecutor.TaskOfIActionResultExecutor.Execute(IActionResultTypeMapper mapper, ObjectMethodExecutor executor, Object controller, Object[] arguments)
   at Microsoft.AspNetCore.Mvc.Infrastructure.ControllerActionInvoker.<InvokeActionMethodAsync>g__Awaited|12_0(ControllerActionInvoker invoker, ValueTask`1 actionResultValueTask)
   at Microsoft.AspNetCore.Mvc.Infrastructure.ControllerActionInvoker.<InvokeNextActionFilterAsync>g__Awaited|10_0(ControllerActionInvoker invoker, Task lastTask, State next, Scope scope, Object state, Boolean isCompleted)
   at Microsoft.AspNetCore.Mvc.Infrastructure.ControllerActionInvoker.Rethrow(ActionExecutedContextSealed context)
   at Microsoft.AspNetCore.Mvc.Infrastructure.ControllerActionInvoker.Next(State& next, Scope& scope, Object& state, Boolean& isCompleted)
   at Microsoft.AspNetCore.Mvc.Infrastructure.ControllerActionInvoker.InvokeInnerFilterAsync()
--- End of stack trace from previous location ---
   at Microsoft.AspNetCore.Mvc.Infrastructure.ResourceInvoker.<InvokeNextResourceFilter>g__Awaited|24_0(ResourceInvoker invoker, Task lastTask, State next, Scope scope, Object state, Boolean isCompleted)
   at Microsoft.AspNetCore.Mvc.Infrastructure.ResourceInvoker.Rethrow(ResourceExecutedContextSealed context)
   at Microsoft.AspNetCore.Mvc.Infrastructure.ResourceInvoker.Next(State& next, Scope& scope, Object& state, Boolean& isCompleted)
   at Microsoft.AspNetCore.Mvc.Infrastructure.ResourceInvoker.InvokeFilterPipelineAsync()
--- End of stack trace from previous location ---
   at Microsoft.AspNetCore.Mvc.Infrastructure.ResourceInvoker.<InvokeAsync>g__Awaited|17_0(ResourceInvoker invoker, Task task, IDisposable scope)
   at Microsoft.AspNetCore.Routing.EndpointMiddleware.<Invoke>g__AwaitRequestTask|6_0(Endpoint endpoint, Task requestTask, ILogger logger)
   at Microsoft.AspNetCore.Authorization.AuthorizationMiddleware.Invoke(HttpContext context)
   at Microsoft.AspNetCore.Authentication.AuthenticationMiddleware.Invoke(HttpContext context)
   at Microsoft.AspNetCore.Diagnostics.StatusCodePagesMiddleware.Invoke(HttpContext context)
   at Microsoft.AspNetCore.Diagnostics.ExceptionHandlerMiddleware.<Invoke>g__Awaited|6_0(ExceptionHandlerMiddleware middleware, HttpContext context, Task task)
2021-05-17 20:52:30.8048|INFO|Microsoft.Hosting.Lifetime|Application started. Press Ctrl+C to shut down.
2021-05-17 20:52:30.8411|INFO|Microsoft.Hosting.Lifetime|Hosting environment: Production
2021-05-17 20:52:30.8411|INFO|Microsoft.Hosting.Lifetime|Content root path: C:\Users\matta\Source\Repos\Zinger\Zinger\Zinger
2021-05-17 20:52:47.0424|INFO|Microsoft.Hosting.Lifetime|Application started. Press Ctrl+C to shut down.
2021-05-17 20:52:47.0789|INFO|Microsoft.Hosting.Lifetime|Hosting environment: Production
2021-05-17 20:52:47.0844|INFO|Microsoft.Hosting.Lifetime|Content root path: C:\Users\matta\Source\Repos\Zinger\Zinger\Zinger
2021-05-17 20:52:58.6047|ERROR|Microsoft.AspNetCore.Diagnostics.ExceptionHandlerMiddleware|An unhandled exception has occurred while executing the request.
2021-05-17 20:52:58.6160|ERROR|Zinger.Controllers.ErrorController|The path /Account/IsUser_HandleInUse threw an exception System.ArgumentNullException: Value cannot be null. (Parameter 'userName')
   at Microsoft.AspNetCore.Identity.UserManager`1.FindByNameAsync(String userName)
   at Zinger.Controllers.AccountController.IsUser_HandleInUse(String user_handle) in C:\Users\matta\source\repos\Zinger\Zinger\Zinger\Controllers\AccountController.cs:line 48
   at Microsoft.AspNetCore.Mvc.Infrastructure.ActionMethodExecutor.TaskOfIActionResultExecutor.Execute(IActionResultTypeMapper mapper, ObjectMethodExecutor executor, Object controller, Object[] arguments)
   at Microsoft.AspNetCore.Mvc.Infrastructure.ControllerActionInvoker.<InvokeActionMethodAsync>g__Awaited|12_0(ControllerActionInvoker invoker, ValueTask`1 actionResultValueTask)
   at Microsoft.AspNetCore.Mvc.Infrastructure.ControllerActionInvoker.<InvokeNextActionFilterAsync>g__Awaited|10_0(ControllerActionInvoker invoker, Task lastTask, State next, Scope scope, Object state, Boolean isCompleted)
   at Microsoft.AspNetCore.Mvc.Infrastructure.ControllerActionInvoker.Rethrow(ActionExecutedContextSealed context)
   at Microsoft.AspNetCore.Mvc.Infrastructure.ControllerActionInvoker.Next(State& next, Scope& scope, Object& state, Boolean& isCompleted)
   at Microsoft.AspNetCore.Mvc.Infrastructure.ControllerActionInvoker.InvokeInnerFilterAsync()
--- End of stack trace from previous location ---
   at Microsoft.AspNetCore.Mvc.Infrastructure.ResourceInvoker.<InvokeNextResourceFilter>g__Awaited|24_0(ResourceInvoker invoker, Task lastTask, State next, Scope scope, Object state, Boolean isCompleted)
   at Microsoft.AspNetCore.Mvc.Infrastructure.ResourceInvoker.Rethrow(ResourceExecutedContextSealed context)
   at Microsoft.AspNetCore.Mvc.Infrastructure.ResourceInvoker.Next(State& next, Scope& scope, Object& state, Boolean& isCompleted)
   at Microsoft.AspNetCore.Mvc.Infrastructure.ResourceInvoker.InvokeFilterPipelineAsync()
--- End of stack trace from previous location ---
   at Microsoft.AspNetCore.Mvc.Infrastructure.ResourceInvoker.<InvokeAsync>g__Awaited|17_0(ResourceInvoker invoker, Task task, IDisposable scope)
   at Microsoft.AspNetCore.Routing.EndpointMiddleware.<Invoke>g__AwaitRequestTask|6_0(Endpoint endpoint, Task requestTask, ILogger logger)
   at Microsoft.AspNetCore.Authorization.AuthorizationMiddleware.Invoke(HttpContext context)
   at Microsoft.AspNetCore.Authentication.AuthenticationMiddleware.Invoke(HttpContext context)
   at Microsoft.AspNetCore.Diagnostics.StatusCodePagesMiddleware.Invoke(HttpContext context)
   at Microsoft.AspNetCore.Diagnostics.ExceptionHandlerMiddleware.<Invoke>g__Awaited|6_0(ExceptionHandlerMiddleware middleware, HttpContext context, Task task)
2021-05-17 20:54:55.4885|ERROR|Microsoft.AspNetCore.Diagnostics.ExceptionHandlerMiddleware|An unhandled exception has occurred while executing the request.
2021-05-17 20:54:55.4885|ERROR|Zinger.Controllers.ErrorController|The path /Account/IsUser_HandleInUse threw an exception System.ArgumentNullException: Value cannot be null. (Parameter 'userName')
   at Microsoft.AspNetCore.Identity.UserManager`1.FindByNameAsync(String userName)
   at Zinger.Controllers.AccountController.IsUser_HandleInUse(String user_handle) in C:\Users\matta\source\repos\Zinger\Zinger\Zinger\Controllers\AccountController.cs:line 48
   at Microsoft.AspNetCore.Mvc.Infrastructure.ActionMethodExecutor.TaskOfIActionResultExecutor.Execute(IActionResultTypeMapper mapper, ObjectMethodExecutor executor, Object controller, Object[] arguments)
   at Microsoft.AspNetCore.Mvc.Infrastructure.ControllerActionInvoker.<InvokeActionMethodAsync>g__Awaited|12_0(ControllerActionInvoker invoker, ValueTask`1 actionResultValueTask)
   at Microsoft.AspNetCore.Mvc.Infrastructure.ControllerActionInvoker.<InvokeNextActionFilterAsync>g__Awaited|10_0(ControllerActionInvoker invoker, Task lastTask, State next, Scope scope, Object state, Boolean isCompleted)
   at Microsoft.AspNetCore.Mvc.Infrastructure.ControllerActionInvoker.Rethrow(ActionExecutedContextSealed context)
   at Microsoft.AspNetCore.Mvc.Infrastructure.ControllerActionInvoker.Next(State& next, Scope& scope, Object& state, Boolean& isCompleted)
   at Microsoft.AspNetCore.Mvc.Infrastructure.ControllerActionInvoker.InvokeInnerFilterAsync()
--- End of stack trace from previous location ---
   at Microsoft.AspNetCore.Mvc.Infrastructure.ResourceInvoker.<InvokeNextResourceFilter>g__Awaited|24_0(ResourceInvoker invoker, Task lastTask, State next, Scope scope, Object state, Boolean isCompleted)
   at Microsoft.AspNetCore.Mvc.Infrastructure.ResourceInvoker.Rethrow(ResourceExecutedContextSealed context)
   at Microsoft.AspNetCore.Mvc.Infrastructure.ResourceInvoker.Next(State& next, Scope& scope, Object& state, Boolean& isCompleted)
   at Microsoft.AspNetCore.Mvc.Infrastructure.ResourceInvoker.InvokeFilterPipelineAsync()
--- End of stack trace from previous location ---
   at Microsoft.AspNetCore.Mvc.Infrastructure.ResourceInvoker.<InvokeAsync>g__Awaited|17_0(ResourceInvoker invoker, Task task, IDisposable scope)
   at Microsoft.AspNetCore.Routing.EndpointMiddleware.<Invoke>g__AwaitRequestTask|6_0(Endpoint endpoint, Task requestTask, ILogger logger)
   at Microsoft.AspNetCore.Authorization.AuthorizationMiddleware.Invoke(HttpContext context)
   at Microsoft.AspNetCore.Authentication.AuthenticationMiddleware.Invoke(HttpContext context)
   at Microsoft.AspNetCore.Diagnostics.StatusCodePagesMiddleware.Invoke(HttpContext context)
   at Microsoft.AspNetCore.Diagnostics.ExceptionHandlerMiddleware.<Invoke>g__Awaited|6_0(ExceptionHandlerMiddleware middleware, HttpContext context, Task task)
2021-05-17 20:56:11.3080|INFO|Microsoft.Hosting.Lifetime|Application started. Press Ctrl+C to shut down.
2021-05-17 20:56:11.3473|INFO|Microsoft.Hosting.Lifetime|Hosting environment: Production
2021-05-17 20:56:11.3527|INFO|Microsoft.Hosting.Lifetime|Content root path: C:\Users\matta\Source\Repos\Zinger\Zinger\Zinger
2021-05-17 20:56:33.4763|ERROR|Microsoft.AspNetCore.Diagnostics.ExceptionHandlerMiddleware|An unhandled exception has occurred while executing the request.
2021-05-17 20:56:33.4888|ERROR|Zinger.Controllers.ErrorController|The path /Account/IsUser_HandleInUse threw an exception System.ArgumentNullException: Value cannot be null. (Parameter 'userName')
   at Microsoft.AspNetCore.Identity.UserManager`1.FindByNameAsync(String userName)
   at Zinger.Controllers.AccountController.IsUser_HandleInUse(String user_handle) in C:\Users\matta\source\repos\Zinger\Zinger\Zinger\Controllers\AccountController.cs:line 48
   at Microsoft.AspNetCore.Mvc.Infrastructure.ActionMethodExecutor.TaskOfIActionResultExecutor.Execute(IActionResultTypeMapper mapper, ObjectMethodExecutor executor, Object controller, Object[] arguments)
   at Microsoft.AspNetCore.Mvc.Infrastructure.ControllerActionInvoker.<InvokeActionMethodAsync>g__Awaited|12_0(ControllerActionInvoker invoker, ValueTask`1 actionResultValueTask)
   at Microsoft.AspNetCore.Mvc.Infrastructure.ControllerActionInvoker.<InvokeNextActionFilterAsync>g__Awaited|10_0(ControllerActionInvoker invoker, Task lastTask, State next, Scope scope, Object state, Boolean isCompleted)
   at Microsoft.AspNetCore.Mvc.Infrastructure.ControllerActionInvoker.Rethrow(ActionExecutedContextSealed context)
   at Microsoft.AspNetCore.Mvc.Infrastructure.ControllerActionInvoker.Next(State& next, Scope& scope, Object& state, Boolean& isCompleted)
   at Microsoft.AspNetCore.Mvc.Infrastructure.ControllerActionInvoker.InvokeInnerFilterAsync()
--- End of stack trace from previous location ---
   at Microsoft.AspNetCore.Mvc.Infrastructure.ResourceInvoker.<InvokeNextResourceFilter>g__Awaited|24_0(ResourceInvoker invoker, Task lastTask, State next, Scope scope, Object state, Boolean isCompleted)
   at Microsoft.AspNetCore.Mvc.Infrastructure.ResourceInvoker.Rethrow(ResourceExecutedContextSealed context)
   at Microsoft.AspNetCore.Mvc.Infrastructure.ResourceInvoker.Next(State& next, Scope& scope, Object& state, Boolean& isCompleted)
   at Microsoft.AspNetCore.Mvc.Infrastructure.ResourceInvoker.InvokeFilterPipelineAsync()
--- End of stack trace from previous location ---
   at Microsoft.AspNetCore.Mvc.Infrastructure.ResourceInvoker.<InvokeAsync>g__Awaited|17_0(ResourceInvoker invoker, Task task, IDisposable scope)
   at Microsoft.AspNetCore.Routing.EndpointMiddleware.<Invoke>g__AwaitRequestTask|6_0(Endpoint endpoint, Task requestTask, ILogger logger)
   at Microsoft.AspNetCore.Authorization.AuthorizationMiddleware.Invoke(HttpContext context)
   at Microsoft.AspNetCore.Authentication.AuthenticationMiddleware.Invoke(HttpContext context)
   at Microsoft.AspNetCore.Diagnostics.StatusCodePagesMiddleware.Invoke(HttpContext context)
   at Microsoft.AspNetCore.Diagnostics.ExceptionHandlerMiddleware.<Invoke>g__Awaited|6_0(ExceptionHandlerMiddleware middleware, HttpContext context, Task task)
2021-05-17 21:21:44.4422|INFO|Microsoft.Hosting.Lifetime|Application started. Press Ctrl+C to shut down.
2021-05-17 21:21:44.4788|INFO|Microsoft.Hosting.Lifetime|Hosting environment: Development
2021-05-17 21:21:44.4788|INFO|Microsoft.Hosting.Lifetime|Content root path: C:\Users\matta\Source\Repos\Zinger\Zinger\Zinger
2021-05-17 21:24:53.0138|INFO|Microsoft.Hosting.Lifetime|Application started. Press Ctrl+C to shut down.
2021-05-17 21:24:53.0489|INFO|Microsoft.Hosting.Lifetime|Hosting environment: Development
2021-05-17 21:24:53.0549|INFO|Microsoft.Hosting.Lifetime|Content root path: C:\Users\matta\Source\Repos\Zinger\Zinger\Zinger
2021-05-17 21:27:01.7864|INFO|Microsoft.Hosting.Lifetime|Application started. Press Ctrl+C to shut down.
2021-05-17 21:27:01.8208|INFO|Microsoft.Hosting.Lifetime|Hosting environment: Development
2021-05-17 21:27:01.8208|INFO|Microsoft.Hosting.Lifetime|Content root path: C:\Users\matta\Source\Repos\Zinger\Zinger\Zinger
2021-05-17 21:32:11.4862|INFO|Microsoft.Hosting.Lifetime|Application started. Press Ctrl+C to shut down.
2021-05-17 21:32:11.5202|INFO|Microsoft.Hosting.Lifetime|Hosting environment: Development
2021-05-17 21:32:11.5252|INFO|Microsoft.Hosting.Lifetime|Content root path: C:\Users\matta\Source\Repos\Zinger\Zinger\Zinger
2021-05-17 21:34:57.6162|INFO|Microsoft.Hosting.Lifetime|Application started. Press Ctrl+C to shut down.
2021-05-17 21:34:57.6523|INFO|Microsoft.Hosting.Lifetime|Hosting environment: Development
2021-05-17 21:34:57.6523|INFO|Microsoft.Hosting.Lifetime|Content root path: C:\Users\matta\Source\Repos\Zinger\Zinger\Zinger
2021-05-17 21:35:53.9814|INFO|Microsoft.Hosting.Lifetime|Application started. Press Ctrl+C to shut down.
2021-05-17 21:35:54.0189|INFO|Microsoft.Hosting.Lifetime|Hosting environment: Development
2021-05-17 21:35:54.0244|INFO|Microsoft.Hosting.Lifetime|Content root path: C:\Users\matta\Source\Repos\Zinger\Zinger\Zinger
2021-05-17 21:36:55.2517|INFO|Microsoft.Hosting.Lifetime|Application started. Press Ctrl+C to shut down.
2021-05-17 21:36:55.2870|INFO|Microsoft.Hosting.Lifetime|Hosting environment: Development
2021-05-17 21:36:55.2870|INFO|Microsoft.Hosting.Lifetime|Content root path: C:\Users\matta\Source\Repos\Zinger\Zinger\Zinger
2021-05-17 21:39:48.5709|INFO|Microsoft.Hosting.Lifetime|Application started. Press Ctrl+C to shut down.
2021-05-17 21:39:48.6047|INFO|Microsoft.Hosting.Lifetime|Hosting environment: Development
2021-05-17 21:39:48.6047|INFO|Microsoft.Hosting.Lifetime|Content root path: C:\Users\matta\Source\Repos\Zinger\Zinger\Zinger
2021-05-17 21:40:11.4951|INFO|Microsoft.Hosting.Lifetime|Application started. Press Ctrl+C to shut down.
2021-05-17 21:40:11.5299|INFO|Microsoft.Hosting.Lifetime|Hosting environment: Development
2021-05-17 21:40:11.5356|INFO|Microsoft.Hosting.Lifetime|Content root path: C:\Users\matta\Source\Repos\Zinger\Zinger\Zinger
2021-05-17 21:40:29.2340|INFO|Microsoft.Hosting.Lifetime|Application started. Press Ctrl+C to shut down.
2021-05-17 21:40:29.2678|INFO|Microsoft.Hosting.Lifetime|Hosting environment: Development
2021-05-17 21:40:29.2738|INFO|Microsoft.Hosting.Lifetime|Content root path: C:\Users\matta\Source\Repos\Zinger\Zinger\Zinger
2021-05-17 21:43:06.3861|INFO|Microsoft.Hosting.Lifetime|Application started. Press Ctrl+C to shut down.
2021-05-17 21:43:06.4212|INFO|Microsoft.Hosting.Lifetime|Hosting environment: Development
2021-05-17 21:43:06.4258|INFO|Microsoft.Hosting.Lifetime|Content root path: C:\Users\matta\Source\Repos\Zinger\Zinger\Zinger
2021-05-17 21:56:31.1985|INFO|Microsoft.Hosting.Lifetime|Application started. Press Ctrl+C to shut down.
2021-05-17 21:56:31.2332|INFO|Microsoft.Hosting.Lifetime|Hosting environment: Development
2021-05-17 21:56:31.2332|INFO|Microsoft.Hosting.Lifetime|Content root path: C:\Users\matta\Source\Repos\Zinger\Zinger\Zinger
2021-05-17 21:58:50.9131|INFO|Microsoft.Hosting.Lifetime|Application started. Press Ctrl+C to shut down.
2021-05-17 21:58:50.9471|INFO|Microsoft.Hosting.Lifetime|Hosting environment: Development
2021-05-17 21:58:50.9471|INFO|Microsoft.Hosting.Lifetime|Content root path: C:\Users\matta\Source\Repos\Zinger\Zinger\Zinger
2021-05-17 21:59:09.5403|INFO|Microsoft.Hosting.Lifetime|Application started. Press Ctrl+C to shut down.
2021-05-17 21:59:09.5827|INFO|Microsoft.Hosting.Lifetime|Hosting environment: Development
2021-05-17 21:59:09.5827|INFO|Microsoft.Hosting.Lifetime|Content root path: C:\Users\matta\Source\Repos\Zinger\Zinger\Zinger
2021-05-17 22:01:53.4120|INFO|Microsoft.Hosting.Lifetime|Application started. Press Ctrl+C to shut down.
2021-05-17 22:01:53.4465|INFO|Microsoft.Hosting.Lifetime|Hosting environment: Development
2021-05-17 22:01:53.4465|INFO|Microsoft.Hosting.Lifetime|Content root path: C:\Users\matta\Source\Repos\Zinger\Zinger\Zinger
2021-05-17 22:02:27.0438|INFO|Microsoft.Hosting.Lifetime|Application started. Press Ctrl+C to shut down.
2021-05-17 22:02:27.0738|INFO|Microsoft.Hosting.Lifetime|Hosting environment: Development
2021-05-17 22:02:27.0738|INFO|Microsoft.Hosting.Lifetime|Content root path: C:\Users\matta\Source\Repos\Zinger\Zinger\Zinger
2021-05-17 22:14:26.1569|INFO|Microsoft.Hosting.Lifetime|Application started. Press Ctrl+C to shut down.
2021-05-17 22:14:26.1940|INFO|Microsoft.Hosting.Lifetime|Hosting environment: Development
2021-05-17 22:14:26.1940|INFO|Microsoft.Hosting.Lifetime|Content root path: C:\Users\matta\Source\Repos\Zinger\Zinger\Zinger
2021-05-17 22:15:32.9971|INFO|Microsoft.Hosting.Lifetime|Application started. Press Ctrl+C to shut down.
2021-05-17 22:15:33.0356|INFO|Microsoft.Hosting.Lifetime|Hosting environment: Development
2021-05-17 22:15:33.0408|INFO|Microsoft.Hosting.Lifetime|Content root path: C:\Users\matta\Source\Repos\Zinger\Zinger\Zinger
2021-05-17 22:15:49.9727|INFO|Microsoft.Hosting.Lifetime|Application started. Press Ctrl+C to shut down.
2021-05-17 22:15:50.0076|INFO|Microsoft.Hosting.Lifetime|Hosting environment: Development
2021-05-17 22:15:50.0076|INFO|Microsoft.Hosting.Lifetime|Content root path: C:\Users\matta\Source\Repos\Zinger\Zinger\Zinger
2021-05-17 22:17:11.1374|INFO|Microsoft.Hosting.Lifetime|Application started. Press Ctrl+C to shut down.
2021-05-17 22:17:11.1734|INFO|Microsoft.Hosting.Lifetime|Hosting environment: Development
2021-05-17 22:17:11.1790|INFO|Microsoft.Hosting.Lifetime|Content root path: C:\Users\matta\Source\Repos\Zinger\Zinger\Zinger
2021-05-17 22:17:27.5361|WARN|Microsoft.AspNetCore.Identity.UserManager|Invalid password for user.
2021-05-17 22:17:27.5361|WARN|Microsoft.AspNetCore.Identity.SignInManager|User failed to provide the correct password.
2021-05-17 23:22:17.4071|INFO|Microsoft.Hosting.Lifetime|Application started. Press Ctrl+C to shut down.
2021-05-17 23:22:17.4471|INFO|Microsoft.Hosting.Lifetime|Hosting environment: Development
2021-05-17 23:22:17.4471|INFO|Microsoft.Hosting.Lifetime|Content root path: C:\Users\matta\Source\Repos\Zinger\Zinger\Zinger
2021-05-17 23:22:52.2653|ERROR|Microsoft.AspNetCore.Diagnostics.DeveloperExceptionPageMiddleware|An unhandled exception has occurred while executing the request.
2021-05-17 23:58:45.8246|INFO|Microsoft.Hosting.Lifetime|Application started. Press Ctrl+C to shut down.
2021-05-17 23:58:45.8588|INFO|Microsoft.Hosting.Lifetime|Hosting environment: Development
2021-05-17 23:58:45.8644|INFO|Microsoft.Hosting.Lifetime|Content root path: C:\Users\matta\Source\Repos\Zinger\Zinger\Zinger
